[INFO] Scanning for projects...
[INFO] 
[INFO] -----------------------< com.chaoxi:chaoxi-gym >------------------------
[INFO] Building chaoxi-gym 0.0.1-SNAPSHOT
[INFO]   from pom.xml
[INFO] --------------------------------[ jar ]---------------------------------
[INFO] 
[INFO] --- clean:3.3.2:clean (default-clean) @ chaoxi-gym ---
[INFO] Deleting D:\JayunService-zht\JayunService\jiayun01\target
[INFO] ------------------------------------------------------------------------
[INFO] BUILD FAILURE
[INFO] ------------------------------------------------------------------------
[INFO] Total time:  03:43 min
[INFO] Finished at: 2026-03-28T22:31:04+08:00
[INFO] ------------------------------------------------------------------------
[ERROR] Failed to execute goal org.apache.maven.plugins:maven-clean-plugin:3.3.2:clean (default-clean) on project chaoxi-gym: Failed to clean project: Failed to delete D:\JayunService-zht\JayunService\jiayun01\target\chaoxi-gym-1.0.jar -> [Help 1]
[ERROR] 
[ERROR] To see the full stack trace of the errors, re-run Maven with the -e switch.
[ERROR] Re-run Maven using the -X switch to enable full debug logging.
[ERROR] 
[ERROR] For more information about the errors and possible solutions, please read the following articles:
[ERROR] [Help 1] http://cwiki.apache.org/confluence/display/MAVEN/MojoExecutionException
